Info: constrained 'clk' to bel 'X19/Y0/io1'
Info: constrained 'rst_n' to bel 'X13/Y31/io0'
Info: constrained 'ui_in[0]' to bel 'X19/Y0/io0'
Info: constrained 'ui_in[1]' to bel 'X21/Y0/io1'
Info: constrained 'ui_in[2]' to bel 'X22/Y0/io1'
Info: constrained 'ui_in[3]' to bel 'X18/Y0/io1'
Info: constrained 'ui_in[4]' to bel 'X19/Y31/io0'
Info: constrained 'ui_in[5]' to bel 'X19/Y31/io1'
Info: constrained 'ui_in[6]' to bel 'X18/Y31/io0'
Info: constrained 'ui_in[7]' to bel 'X18/Y31/io1'
Info: constrained 'uio[0]' to bel 'X8/Y0/io0'
Info: constrained 'uio[1]' to bel 'X9/Y0/io0'
Info: constrained 'uio[2]' to bel 'X9/Y0/io1'
Info: constrained 'uio[3]' to bel 'X13/Y0/io1'
Info: constrained 'uio[4]' to bel 'X15/Y0/io0'
Info: constrained 'uio[5]' to bel 'X16/Y0/io0'
Info: constrained 'uio[6]' to bel 'X17/Y0/io0'
Info: constrained 'uio[7]' to bel 'X18/Y0/io0'
Info: constrained 'uo_out[0]' to bel 'X8/Y31/io1'
Info: constrained 'uo_out[1]' to bel 'X8/Y31/io0'
Info: constrained 'uo_out[2]' to bel 'X9/Y31/io0'
Info: constrained 'uo_out[3]' to bel 'X6/Y0/io1'
Info: constrained 'uo_out[4]' to bel 'X7/Y0/io1'
Info: constrained 'uo_out[5]' to bel 'X5/Y0/io0'
Info: constrained 'uo_out[6]' to bel 'X6/Y0/io0'
Info: constrained 'uo_out[7]' to bel 'X7/Y0/io0'

Info: Packing constants..
Info: Packing IOs..
Info: uio[2] feeds SB_IO uio_pin[2], removing $nextpnr_iobuf uio[2].
Info: uio[1] feeds SB_IO uio_pin[1], removing $nextpnr_iobuf uio[1].
Info: uio[0] feeds SB_IO uio_pin[0], removing $nextpnr_iobuf uio[0].
Info: uio[7] feeds SB_IO uio_pin[7], removing $nextpnr_iobuf uio[7].
Info: uio[6] feeds SB_IO uio_pin[6], removing $nextpnr_iobuf uio[6].
Info: uio[5] feeds SB_IO uio_pin[5], removing $nextpnr_iobuf uio[5].
Info: uio[4] feeds SB_IO uio_pin[4], removing $nextpnr_iobuf uio[4].
Info: uio[3] feeds SB_IO uio_pin[3], removing $nextpnr_iobuf uio[3].
Info: Packing LUT-FFs..
Info:      366 LCs used as LUT4 only
Info:      101 LCs used as LUT4 and DFF
Info: Packing non-LUT FFs..
Info:       31 LCs used as DFF only
Info: Packing carries..
Info:      402 LCs used as CARRY only
Info: Packing indirect carry+LUT pairs...
Info:       49 LUTs merged into carry LCs
Info: Packing RAMs..
Info: Placing PLLs..
Info: Packing special functions..
Info: Packing PLLs..
Info: Promoting globals..
Info: promoting clk$SB_IO_IN (fanout 132)
Info: promoting rst_n_SB_LUT4_I3_O [reset] (fanout 132)
Info: promoting user_project.gamepad.start_SB_LUT4_I0_O_SB_LUT4_I2_O[3] [cen] (fanout 16)
Info: Constraining chains...
Info:      138 LCs used to legalise carry chains.
Info: Checksum: 0x376992dd

Info: Device utilisation:
Info: 	         ICESTORM_LC:     991/   5280    18%
Info: 	        ICESTORM_RAM:       0/     30     0%
Info: 	               SB_IO:      26/     39    66%
Info: 	               SB_GB:       3/      8    37%
Info: 	        ICESTORM_PLL:       0/      1     0%
Info: 	         SB_WARMBOOT:       0/      1     0%
Info: 	        ICESTORM_DSP:       0/      8     0%
Info: 	      ICESTORM_HFOSC:       0/      1     0%
Info: 	      ICESTORM_LFOSC:       0/      1     0%
Info: 	              SB_I2C:       0/      2     0%
Info: 	              SB_SPI:       0/      2     0%
Info: 	              IO_I3C:       0/      2     0%
Info: 	         SB_LEDDA_IP:       0/      1     0%
Info: 	         SB_RGBA_DRV:       0/      1     0%
Info: 	      ICESTORM_SPRAM:       0/      4     0%

Info: Placed 26 cells based on constraints.
Info: Creating initial analytic placement for 374 cells, random placement wirelen = 13514.
Info:     at initial placer iter 0, wirelen = 481
Info:     at initial placer iter 1, wirelen = 399
Info:     at initial placer iter 2, wirelen = 393
Info:     at initial placer iter 3, wirelen = 398
Info: Running main analytical placer, max placement attempts per cell = 130050.
Info:     at iteration #1, type ALL: wirelen solved = 385, spread = 2607, legal = 2826; time = 0.02s
Info:     at iteration #2, type ALL: wirelen solved = 532, spread = 2279, legal = 2662; time = 0.02s
Info:     at iteration #3, type ALL: wirelen solved = 605, spread = 2558, legal = 2687; time = 0.02s
Info:     at iteration #4, type ALL: wirelen solved = 698, spread = 2365, legal = 2525; time = 0.02s
Info:     at iteration #5, type ALL: wirelen solved = 800, spread = 2241, legal = 2414; time = 0.02s
Info:     at iteration #6, type ALL: wirelen solved = 894, spread = 1955, legal = 2325; time = 0.02s
Info:     at iteration #7, type ALL: wirelen solved = 862, spread = 2032, legal = 2458; time = 0.02s
Info:     at iteration #8, type ALL: wirelen solved = 952, spread = 2085, legal = 2611; time = 0.02s
Info:     at iteration #9, type ALL: wirelen solved = 997, spread = 2252, legal = 2427; time = 0.02s
Info:     at iteration #10, type ALL: wirelen solved = 1184, spread = 2203, legal = 2365; time = 0.02s
Info:     at iteration #11, type ALL: wirelen solved = 1212, spread = 2090, legal = 2389; time = 0.02s
Info: HeAP Placer Time: 0.41s
Info:   of which solving equations: 0.22s
Info:   of which spreading cells: 0.01s
Info:   of which strict legalisation: 0.02s

Info: Running simulated annealing placer for refinement.
Info:   at iteration #1: temp = 0.000000, timing cost = 282, wirelen = 2325
Info:   at iteration #5: temp = 0.000000, timing cost = 227, wirelen = 1964
Info:   at iteration #10: temp = 0.000000, timing cost = 213, wirelen = 1878
Info:   at iteration #15: temp = 0.000000, timing cost = 200, wirelen = 1821
Info:   at iteration #17: temp = 0.000000, timing cost = 199, wirelen = 1806 
Info: SA placement time 0.58s

Info: Max frequency for clock 'clk$SB_IO_IN_$glb_clk': 32.31 MHz (PASS at 12.00 MHz)

Info: Max delay <async>                       -> posedge clk$SB_IO_IN_$glb_clk: 12.91 ns
Info: Max delay posedge clk$SB_IO_IN_$glb_clk -> <async>                      : 48.26 ns

Info: Slack histogram:
Info:  legend: * represents 1 endpoint(s)
Info:          + represents [1,1) endpoint(s)
Info: [ 52380,  53729) |***********+
Info: [ 53729,  55078) |****+
Info: [ 55078,  56427) |*****+
Info: [ 56427,  57776) |******+
Info: [ 57776,  59125) |****+
Info: [ 59125,  60474) |+
Info: [ 60474,  61823) | 
Info: [ 61823,  63172) |******+
Info: [ 63172,  64521) |********+
Info: [ 64521,  65870) |****+
Info: [ 65870,  67219) |***+
Info: [ 67219,  68568) |***+
Info: [ 68568,  69917) |******************************+
Info: [ 69917,  71266) |******+
Info: [ 71266,  72615) |*********+
Info: [ 72615,  73964) |**********************+
Info: [ 73964,  75313) |**********+
Info: [ 75313,  76662) |**********+
Info: [ 76662,  78011) |*************************************+
Info: [ 78011,  79360) |************************************************************ 
Info: Checksum: 0x2ca036f3

Info: Routing..
Info: Setting up routing queue.
Info: Routing 2896 arcs.
Info:            |   (re-)routed arcs  |   delta    | remaining|       time spent     |
Info:    IterCnt |  w/ripup   wo/ripup |  w/r  wo/r |      arcs| batch(sec) total(sec)|
Info:       1000 |      203        659 |  203   659 |      2118|       0.63       0.63|
Info:       2000 |      257       1450 |   54   791 |      1186|       0.25       0.89|
Info:       3000 |      325       2164 |   68   714 |       262|       0.18       1.07|
Info:       3312 |      370       2381 |   45   217 |         0|       0.06       1.13|
Info: Routing complete.
Info: Router1 time 1.13s
Info: Checksum: 0x0f5c7892

Info: Critical path report for clock 'clk$SB_IO_IN_$glb_clk' (posedge -> posedge):
Info:       type curr  total name
Info:   clk-to-q  1.39  1.39 Source user_project.gamepad.up_SB_LUT4_I1_O_SB_LUT4_O_1_I3_SB_CARRY_CO_I0_SB_LUT4_I2_O_SB_LUT4_O_2_LC.O
Info:    routing  1.76  3.15 Net user_project.duck_btn_SB_LUT4_I0_1_O_SB_CARRY_I1_CO_SB_CARRY_CI_I1_SB_CARRY_I0_1_CO_SB_CARRY_CI_CO_SB_CARRY_CI_CO_SB_LUT4_I1_I2_SB_LUT4_O_I3[1] (12,11) -> (13,10)
Info:                          Sink $nextpnr_ICESTORM_LC_108.I1
Info:                          Defined in:
Info:                               /home/ttuser/Desktop/tt-cyclonerunner/src/project.v:482.49-482.74
Info:                               /home/ttuser/Desktop/oss-cad-suite-linux-x64-20260508/oss-cad-suite/lib/../share/yosys/ice40/arith_map.v:62.5-70.4
Info:                               /home/ttuser/Desktop/oss-cad-suite-linux-x64-20260508/oss-cad-suite/lib/../share/yosys/ice40/cells_map.v:6.21-6.22
Info:      logic  0.68  3.83 Source $nextpnr_ICESTORM_LC_108.COUT
Info:    routing  0.00  3.83 Net $nextpnr_ICESTORM_LC_108$O (13,10) -> (13,10)
Info:                          Sink user_project.duck_btn_SB_LUT4_I0_1_O_SB_CARRY_I1_CO_SB_CARRY_CI_I1_SB_CARRY_I0_CO_SB_CARRY_CI_I0_SB_LUT4_O_LC.CIN
Info:      logic  0.28  4.10 Source user_project.duck_btn_SB_LUT4_I0_1_O_SB_CARRY_I1_CO_SB_CARRY_CI_I1_SB_CARRY_I0_CO_SB_CARRY_CI_I0_SB_LUT4_O_LC.COUT
Info:    routing  0.66  4.77 Net $nextpnr_ICESTORM_LC_109$I3 (13,10) -> (13,10)
Info:                          Sink $nextpnr_ICESTORM_LC_109.I3
Info:      logic  0.87  5.64 Source $nextpnr_ICESTORM_LC_109.O
Info:    routing  2.85  8.49 Net user_project.duck_btn_SB_LUT4_I0_1_O_SB_CARRY_I1_CO_SB_CARRY_CI_I1_SB_CARRY_I0_CO_SB_CARRY_CI_CO_SB_CARRY_CI_I0_SB_LUT4_O_I3 (13,10) -> (9,10)
Info:                          Sink user_project.duck_btn_SB_LUT4_I0_1_O_SB_CARRY_I1_CO_SB_CARRY_CI_I1_SB_CARRY_I0_CO_SB_CARRY_CI_CO_SB_CARRY_CI$CARRY.I3
Info:                          Defined in:
Info:                               /home/ttuser/Desktop/tt-cyclonerunner/src/project.v:355.32-355.48
Info:                               /home/ttuser/Desktop/oss-cad-suite-linux-x64-20260508/oss-cad-suite/lib/../share/yosys/ice40/arith_map.v:62.5-70.4
Info:                               /home/ttuser/Desktop/oss-cad-suite-linux-x64-20260508/oss-cad-suite/lib/../share/yosys/ice40/abc9_model.v:4.9-4.11
Info:      logic  0.87  9.36 Source user_project.duck_btn_SB_LUT4_I0_1_O_SB_CARRY_I1_CO_SB_CARRY_CI_I1_SB_CARRY_I0_CO_SB_CARRY_CI_CO_SB_CARRY_CI$CARRY.O
Info:    routing  1.76  11.12 Net user_project.duck_btn_SB_LUT4_I0_1_O_SB_CARRY_I1_CO_SB_CARRY_CI_I1_SB_CARRY_I0_CO_SB_CARRY_CI_CO_SB_CARRY_CI_I0 (9,10) -> (9,10)
Info:                          Sink user_project.duck_btn_SB_LUT4_I0_1_O_SB_CARRY_I1_CO_SB_CARRY_CI_I1_SB_CARRY_I0_CO_SB_CARRY_CI_CO_SB_CARRY_CI$CARRY.I1
Info:      logic  0.68  11.80 Source user_project.duck_btn_SB_LUT4_I0_1_O_SB_CARRY_I1_CO_SB_CARRY_CI_I1_SB_CARRY_I0_CO_SB_CARRY_CI_CO_SB_CARRY_CI$CARRY.COUT
Info:    routing  0.66  12.46 Net $nextpnr_ICESTORM_LC_100$I3 (9,10) -> (9,10)
Info:                          Sink $nextpnr_ICESTORM_LC_100.I3
Info:      logic  0.87  13.33 Source $nextpnr_ICESTORM_LC_100.O
Info:    routing  2.95  16.28 Net user_project.duck_btn_SB_LUT4_I0_1_O_SB_CARRY_I1_CO_SB_CARRY_CI_I1_SB_CARRY_I0_CO_SB_CARRY_CI_CO_SB_CARRY_CI_CO (9,10) -> (11,9)
Info:                          Sink user_project.duck_btn_SB_LUT4_I0_1_O_SB_CARRY_I1_CO_SB_CARRY_CI_I1_SB_CARRY_I0_CO_SB_CARRY_CI_CO_SB_CARRY_CI_CO_SB_LUT4_I1_LC.I1
Info:                          Defined in:
Info:                               /home/ttuser/Desktop/oss-cad-suite-linux-x64-20260508/oss-cad-suite/lib/../share/yosys/ice40/cells_map.v:6.21-6.22
Info:      logic  1.23  17.52 Source user_project.duck_btn_SB_LUT4_I0_1_O_SB_CARRY_I1_CO_SB_CARRY_CI_I1_SB_CARRY_I0_CO_SB_CARRY_CI_CO_SB_CARRY_CI_CO_SB_LUT4_I1_LC.O
Info:    routing  1.76  19.28 Net user_project.duck_btn_SB_LUT4_I0_1_O_SB_CARRY_I1_CO_SB_CARRY_CI_I1_SB_CARRY_I0_CO_SB_CARRY_CI_CO_SB_CARRY_CI_CO_SB_LUT4_I1_O[3] (11,9) -> (12,9)
Info:                          Sink user_project.gamepad.up_SB_LUT4_I1_O_SB_LUT4_O_LC.I3
Info:                          Defined in:
Info:                               /home/ttuser/Desktop/oss-cad-suite-linux-x64-20260508/oss-cad-suite/lib/../share/yosys/ice40/cells_map.v:6.21-6.22
Info:      logic  0.87  20.15 Source user_project.gamepad.up_SB_LUT4_I1_O_SB_LUT4_O_LC.O
Info:    routing  1.76  21.91 Net user_project.gamepad.start_SB_LUT4_I0_O[2] (12,9) -> (12,9)
Info:                          Sink user_project.gamepad.start_SB_LUT4_I0_O_SB_LUT4_I2_LC.I3
Info:                          Defined in:
Info:                               /home/ttuser/Desktop/oss-cad-suite-linux-x64-20260508/oss-cad-suite/lib/../share/yosys/ice40/cells_map.v:6.21-6.22
Info:      logic  0.87  22.79 Source user_project.gamepad.start_SB_LUT4_I0_O_SB_LUT4_I2_LC.O
Info:    routing  3.06  25.84 Net user_project.gamepad.start_SB_LUT4_I0_O_SB_LUT4_I2_O[3] (12,9) -> (12,3)
Info:                          Sink user_project.duck_btn_SB_LUT4_I0_1_O_SB_CARRY_I1_CI_SB_CARRY_CO_CI_SB_CARRY_CO_CI_SB_CARRY_CO_I1_SB_CARRY_I1_CO_SB_CARRY_CI_CO_SB_CARRY_CI_CO_SB_CARRY_CI_CO_SB_CARRY_CI_CO_SB_CARRY_CI_CO_SB_CARRY_CI_CO_SB_LUT4_I2_O_SB_LUT4_O_I2_SB_CARRY_CO_I1_SB_LUT4_O_I3_SB_DFFES_Q_E_SB_LUT4_O_LC.I3
Info:                          Defined in:
Info:                               /home/ttuser/Desktop/oss-cad-suite-linux-x64-20260508/oss-cad-suite/lib/../share/yosys/ice40/cells_map.v:6.21-6.22
Info:      logic  0.87  26.72 Source user_project.duck_btn_SB_LUT4_I0_1_O_SB_CARRY_I1_CI_SB_CARRY_CO_CI_SB_CARRY_CO_CI_SB_CARRY_CO_I1_SB_CARRY_I1_CO_SB_CARRY_CI_CO_SB_CARRY_CI_CO_SB_CARRY_CI_CO_SB_CARRY_CI_CO_SB_CARRY_CI_CO_SB_CARRY_CI_CO_SB_LUT4_I2_O_SB_LUT4_O_I2_SB_CARRY_CO_I1_SB_LUT4_O_I3_SB_DFFES_Q_E_SB_LUT4_O_LC.O
Info:    routing  1.76  28.48 Net user_project.duck_btn_SB_LUT4_I0_1_O_SB_CARRY_I1_CI_SB_CARRY_CO_CI_SB_CARRY_CO_CI_SB_CARRY_CO_I1_SB_CARRY_I1_CO_SB_CARRY_CI_CO_SB_CARRY_CI_CO_SB_CARRY_CI_CO_SB_CARRY_CI_CO_SB_CARRY_CI_CO_SB_CARRY_CI_CO_SB_LUT4_I2_O_SB_LUT4_O_I2_SB_CARRY_CO_I1_SB_LUT4_O_I3_SB_DFFES_Q_E[2] (12,3) -> (11,4)
Info:                          Sink user_project.duck_btn_SB_LUT4_I0_1_O_SB_CARRY_I1_CI_SB_CARRY_CO_CI_SB_CARRY_CO_CI_SB_CARRY_CO_I1_SB_CARRY_I1_CO_SB_CARRY_CI_CO_SB_CARRY_CI_CO_SB_CARRY_CI_CO_SB_CARRY_CI_CO_SB_CARRY_CI_CO_SB_CARRY_CI_CO_SB_LUT4_I2_O_SB_LUT4_O_I1_SB_CARRY_CO_CI_SB_CARRY_CO_I1_SB_LUT4_O_I2_SB_DFFER_Q_E_SB_LUT4_O_LC.I3
Info:                          Defined in:
Info:                               /home/ttuser/Desktop/oss-cad-suite-linux-x64-20260508/oss-cad-suite/lib/../share/yosys/ice40/cells_map.v:6.21-6.22
Info:      logic  0.87  29.35 Source user_project.duck_btn_SB_LUT4_I0_1_O_SB_CARRY_I1_CI_SB_CARRY_CO_CI_SB_CARRY_CO_CI_SB_CARRY_CO_I1_SB_CARRY_I1_CO_SB_CARRY_CI_CO_SB_CARRY_CI_CO_SB_CARRY_CI_CO_SB_CARRY_CI_CO_SB_CARRY_CI_CO_SB_CARRY_CI_CO_SB_LUT4_I2_O_SB_LUT4_O_I1_SB_CARRY_CO_CI_SB_CARRY_CO_I1_SB_LUT4_O_I2_SB_DFFER_Q_E_SB_LUT4_O_LC.O
Info:    routing  3.10  32.45 Net user_project.duck_btn_SB_LUT4_I0_1_O_SB_CARRY_I1_CI_SB_CARRY_CO_CI_SB_CARRY_CO_CI_SB_CARRY_CO_I1_SB_CARRY_I1_CO_SB_CARRY_CI_CO_SB_CARRY_CI_CO_SB_CARRY_CI_CO_SB_CARRY_CI_CO_SB_CARRY_CI_CO_SB_CARRY_CI_CO_SB_LUT4_I2_O_SB_LUT4_O_I1_SB_CARRY_CO_CI_SB_CARRY_CO_I1_SB_LUT4_O_I2_SB_DFFER_Q_E (11,4) -> (10,5)
Info:                          Sink user_project.duck_btn_SB_LUT4_I0_1_O_SB_CARRY_I1_CI_SB_CARRY_CO_CI_SB_CARRY_CO_CI_SB_CARRY_CO_I1_SB_CARRY_I1_CO_SB_CARRY_CI_CO_SB_CARRY_CI_CO_SB_CARRY_CI_CO_SB_CARRY_CI_CO_SB_CARRY_CI_CO_SB_CARRY_CI_CO_SB_LUT4_I2_O_SB_LUT4_O_I1_SB_CARRY_CO_CI_SB_CARRY_CO_I1_SB_LUT4_O_I2_SB_DFFER_Q_D_SB_LUT4_O_LC.CEN
Info:                          Defined in:
Info:                               /home/ttuser/Desktop/tt-cyclonerunner/src/project.v:394.5-493.8
Info:                               /home/ttuser/Desktop/oss-cad-suite-linux-x64-20260508/oss-cad-suite/lib/../share/yosys/ice40/ff_map.v:14.63-14.116
Info:                               /home/ttuser/Desktop/oss-cad-suite-linux-x64-20260508/oss-cad-suite/lib/../share/yosys/ice40/cells_sim.v:656.8-656.9
Info:      setup  0.10  32.55 Source user_project.duck_btn_SB_LUT4_I0_1_O_SB_CARRY_I1_CI_SB_CARRY_CO_CI_SB_CARRY_CO_CI_SB_CARRY_CO_I1_SB_CARRY_I1_CO_SB_CARRY_CI_CO_SB_CARRY_CI_CO_SB_CARRY_CI_CO_SB_CARRY_CI_CO_SB_CARRY_CI_CO_SB_CARRY_CI_CO_SB_LUT4_I2_O_SB_LUT4_O_I1_SB_CARRY_CO_CI_SB_CARRY_CO_I1_SB_LUT4_O_I2_SB_DFFER_Q_D_SB_LUT4_O_LC.CEN
Info: 10.47 ns logic, 22.08 ns routing

Info: Critical path report for cross-domain path '<async>' -> 'posedge clk$SB_IO_IN_$glb_clk':
Info:       type curr  total name
Info:     source  0.00  0.00 Source rst_n$sb_io.D_IN_0
Info:    routing  3.15  3.15 Net rst_n$SB_IO_IN (13,31) -> (13,27)
Info:                          Sink user_project.gamepad.latch_last_SB_LUT4_I3_LC.I1
Info:                          Defined in:
Info:                               /home/ttuser/Desktop/tt-cyclonerunner/src/project.v:205.23-205.28
Info:      logic  1.23  4.38 Source user_project.gamepad.latch_last_SB_LUT4_I3_LC.O
Info:    routing  5.04  9.42 Net user_project.gamepad.latch_last_SB_LUT4_I3_O (13,27) -> (14,10)
Info:                          Sink user_project.gamepad.up_SB_DFFESR_Q_D_SB_LUT4_O_LC.CEN
Info:      setup  0.10  9.52 Source user_project.gamepad.up_SB_DFFESR_Q_D_SB_LUT4_O_LC.CEN
Info: 1.33 ns logic, 8.19 ns routing

Info: Critical path report for cross-domain path 'posedge clk$SB_IO_IN_$glb_clk' -> '<async>':
Info:       type curr  total name
Info:   clk-to-q  1.39  1.39 Source user_project.gamepad.up_SB_LUT4_I1_O_SB_LUT4_O_1_I3_SB_CARRY_CO_I0_SB_LUT4_I2_LC.O
Info:    routing  1.76  3.15 Net user_project.gamepad.start_SB_LUT4_I0_O_SB_LUT4_I2_1_I1_SB_LUT4_I2_O_SB_DFFES_E_Q (12,10) -> (11,11)
Info:                          Sink user_project.duck_btn_SB_LUT4_I0_I3_SB_LUT4_O_I3_SB_LUT4_O_LC.I0
Info:                          Defined in:
Info:                               /home/ttuser/Desktop/tt-cyclonerunner/src/project.v:482.49-482.74
Info:                               /home/ttuser/Desktop/oss-cad-suite-linux-x64-20260508/oss-cad-suite/lib/../share/yosys/ice40/arith_map.v:62.5-70.4
Info:                               /home/ttuser/Desktop/oss-cad-suite-linux-x64-20260508/oss-cad-suite/lib/../share/yosys/ice40/cells_map.v:6.21-6.22
Info:      logic  1.28  4.43 Source user_project.duck_btn_SB_LUT4_I0_I3_SB_LUT4_O_I3_SB_LUT4_O_LC.O
Info:    routing  1.76  6.20 Net user_project.duck_btn_SB_LUT4_I0_I3_SB_LUT4_O_I3[3] (11,11) -> (12,10)
Info:                          Sink user_project.duck_btn_SB_LUT4_I0_I3_SB_LUT4_O_LC.I3
Info:                          Defined in:
Info:                               /home/ttuser/Desktop/oss-cad-suite-linux-x64-20260508/oss-cad-suite/lib/../share/yosys/ice40/cells_map.v:6.21-6.22
Info:      logic  0.87  7.07 Source user_project.duck_btn_SB_LUT4_I0_I3_SB_LUT4_O_LC.O
Info:    routing  1.76  8.83 Net user_project.duck_btn_SB_LUT4_I0_I3[3] (12,10) -> (12,10)
Info:                          Sink user_project.duck_btn_SB_LUT4_I0_LC.I3
Info:                          Defined in:
Info:                               /home/ttuser/Desktop/oss-cad-suite-linux-x64-20260508/oss-cad-suite/lib/../share/yosys/ice40/cells_map.v:6.21-6.22
Info:      logic  0.87  9.70 Source user_project.duck_btn_SB_LUT4_I0_LC.O
Info:    routing  3.60  13.31 Net user_project.duck_btn_SB_LUT4_I0_2_O[2] (12,10) -> (7,9)
Info:                          Sink user_project.duck_btn_SB_LUT4_I0_2_O_SB_CARRY_I0_CO_SB_LUT4_I3_O_SB_LUT4_I2_O_SB_LUT4_O_I3_SB_CARRY_CO_CI_SB_CARRY_CO_CI_SB_CARRY_CO_CI_SB_CARRY_CO_I1_SB_LUT4_O_LC.I2
Info:                          Defined in:
Info:                               /home/ttuser/Desktop/tt-cyclonerunner/src/project.v:559.16-559.33
Info:                               /home/ttuser/Desktop/oss-cad-suite-linux-x64-20260508/oss-cad-suite/lib/../share/yosys/ice40/arith_map.v:62.5-70.4
Info:                               /home/ttuser/Desktop/oss-cad-suite-linux-x64-20260508/oss-cad-suite/lib/../share/yosys/ice40/cells_map.v:6.21-6.22
Info:      logic  0.61  13.91 Source user_project.duck_btn_SB_LUT4_I0_2_O_SB_CARRY_I0_CO_SB_LUT4_I3_O_SB_LUT4_I2_O_SB_LUT4_O_I3_SB_CARRY_CO_CI_SB_CARRY_CO_CI_SB_CARRY_CO_CI_SB_CARRY_CO_I1_SB_LUT4_O_LC.COUT
Info:    routing  0.00  13.91 Net user_project.duck_btn_SB_LUT4_I0_2_O_SB_CARRY_I0_CO_SB_LUT4_I3_O_SB_LUT4_I2_O_SB_LUT4_O_I3_SB_CARRY_CO_I1_SB_LUT4_O_I3_SB_CARRY_CO_CI_SB_CARRY_CO_CI (7,9) -> (7,9)
Info:                          Sink user_project.duck_btn_SB_LUT4_I0_2_O_SB_CARRY_I0_CO_SB_LUT4_I3_O_SB_LUT4_I2_O_SB_LUT4_O_I3_SB_CARRY_CO_CI_SB_CARRY_CO_CI_SB_CARRY_CO_I1_SB_LUT4_O_LC.CIN
Info:                          Defined in:
Info:                               /home/ttuser/Desktop/tt-cyclonerunner/src/project.v:548.16-548.33
Info:                               /home/ttuser/Desktop/oss-cad-suite-linux-x64-20260508/oss-cad-suite/lib/../share/yosys/ice40/arith_map.v:62.5-70.4
Info:                               /home/ttuser/Desktop/oss-cad-suite-linux-x64-20260508/oss-cad-suite/lib/../share/yosys/ice40/abc9_model.v:4.9-4.11
Info:      logic  0.28  14.19 Source user_project.duck_btn_SB_LUT4_I0_2_O_SB_CARRY_I0_CO_SB_LUT4_I3_O_SB_LUT4_I2_O_SB_LUT4_O_I3_SB_CARRY_CO_CI_SB_CARRY_CO_CI_SB_CARRY_CO_I1_SB_LUT4_O_LC.COUT
Info:    routing  0.00  14.19 Net user_project.duck_btn_SB_LUT4_I0_2_O_SB_CARRY_I0_CO_SB_LUT4_I3_O_SB_LUT4_I2_O_SB_LUT4_O_I3_SB_CARRY_CO_I1_SB_LUT4_O_I3_SB_CARRY_CO_CI (7,9) -> (7,9)
Info:                          Sink user_project.duck_btn_SB_LUT4_I0_2_O_SB_CARRY_I0_CO_SB_LUT4_I3_O_SB_LUT4_I2_O_SB_LUT4_O_I3_SB_CARRY_CO_CI_SB_CARRY_CO_I1_SB_LUT4_O_LC.CIN
Info:                          Defined in:
Info:                               /home/ttuser/Desktop/tt-cyclonerunner/src/project.v:548.16-548.33
Info:                               /home/ttuser/Desktop/oss-cad-suite-linux-x64-20260508/oss-cad-suite/lib/../share/yosys/ice40/arith_map.v:62.5-70.4
Info:                               /home/ttuser/Desktop/oss-cad-suite-linux-x64-20260508/oss-cad-suite/lib/../share/yosys/ice40/abc9_model.v:4.9-4.11
Info:      logic  0.28  14.47 Source user_project.duck_btn_SB_LUT4_I0_2_O_SB_CARRY_I0_CO_SB_LUT4_I3_O_SB_LUT4_I2_O_SB_LUT4_O_I3_SB_CARRY_CO_CI_SB_CARRY_CO_I1_SB_LUT4_O_LC.COUT
Info:    routing  0.66  15.13 Net $nextpnr_ICESTORM_LC_43$I3 (7,9) -> (7,9)
Info:                          Sink $nextpnr_ICESTORM_LC_43.I3
Info:      logic  0.87  16.01 Source $nextpnr_ICESTORM_LC_43.O
Info:    routing  1.76  17.77 Net user_project.duck_btn_SB_LUT4_I0_2_O_SB_CARRY_I0_CO_SB_LUT4_I3_O_SB_LUT4_I2_O_SB_LUT4_O_I3_SB_CARRY_CO_I1_SB_LUT4_O_I3 (7,9) -> (8,9)
Info:                          Sink user_project.duck_btn_SB_LUT4_I0_2_O_SB_CARRY_I0_CO_SB_LUT4_I3_O_SB_LUT4_I2_O_SB_LUT4_O_I3_SB_CARRY_CO$CARRY.I3
Info:                          Defined in:
Info:                               /home/ttuser/Desktop/tt-cyclonerunner/src/project.v:548.16-548.33
Info:                               /home/ttuser/Desktop/oss-cad-suite-linux-x64-20260508/oss-cad-suite/lib/../share/yosys/ice40/arith_map.v:62.5-70.4
Info:                               /home/ttuser/Desktop/oss-cad-suite-linux-x64-20260508/oss-cad-suite/lib/../share/yosys/ice40/abc9_model.v:4.9-4.11
Info:      logic  0.87  18.64 Source user_project.duck_btn_SB_LUT4_I0_2_O_SB_CARRY_I0_CO_SB_LUT4_I3_O_SB_LUT4_I2_O_SB_LUT4_O_I3_SB_CARRY_CO$CARRY.O
Info:    routing  1.76  20.40 Net user_project.duck_btn_SB_LUT4_I0_2_O_SB_CARRY_I0_CO_SB_LUT4_I3_O_SB_LUT4_I2_O_SB_LUT4_O_I3_SB_CARRY_CO_I1 (8,9) -> (8,9)
Info:                          Sink user_project.duck_btn_SB_LUT4_I0_2_O_SB_CARRY_I0_CO_SB_LUT4_I3_O_SB_LUT4_I2_O_SB_LUT4_O_I3_SB_CARRY_CO$CARRY.I2
Info:      logic  0.61  21.01 Source user_project.duck_btn_SB_LUT4_I0_2_O_SB_CARRY_I0_CO_SB_LUT4_I3_O_SB_LUT4_I2_O_SB_LUT4_O_I3_SB_CARRY_CO$CARRY.COUT
Info:    routing  0.00  21.01 Net $nextpnr_ICESTORM_LC_33$I3 (8,9) -> (8,9)
Info:                          Sink $nextpnr_ICESTORM_LC_33.CIN
Info:      logic  0.28  21.29 Source $nextpnr_ICESTORM_LC_33.COUT
Info:    routing  1.22  22.51 Net $nextpnr_ICESTORM_LC_33$COUT (8,9) -> (8,10)
Info:                          Sink user_project.duck_btn_SB_LUT4_I0_2_O_SB_CARRY_I0_CO_SB_LUT4_I3_O_SB_LUT4_I2_O_SB_LUT4_O_LC.I3
Info:      logic  0.87  23.38 Source user_project.duck_btn_SB_LUT4_I0_2_O_SB_CARRY_I0_CO_SB_LUT4_I3_O_SB_LUT4_I2_O_SB_LUT4_O_LC.O
Info:    routing  2.95  26.33 Net user_project.duck_btn_SB_LUT4_I0_2_O_SB_CARRY_I0_CO_SB_LUT4_I3_O_SB_LUT4_I2_O[3] (8,10) -> (5,10)
Info:                          Sink user_project.duck_btn_SB_LUT4_I0_2_O_SB_CARRY_I0_CO_SB_CARRY_CI_CO_SB_LUT4_I3_O_SB_LUT4_I1_LC.I3
Info:                          Defined in:
Info:                               /home/ttuser/Desktop/oss-cad-suite-linux-x64-20260508/oss-cad-suite/lib/../share/yosys/ice40/cells_map.v:6.21-6.22
Info:      logic  0.87  27.21 Source user_project.duck_btn_SB_LUT4_I0_2_O_SB_CARRY_I0_CO_SB_CARRY_CI_CO_SB_LUT4_I3_O_SB_LUT4_I1_LC.O
Info:    routing  2.95  30.16 Net user_project.duck_btn_SB_LUT4_I0_2_O_SB_LUT4_I1_O_SB_LUT4_I3_O_SB_LUT4_O_I1_SB_LUT4_I1_O[1] (5,10) -> (5,7)
Info:                          Sink user_project.duck_btn_SB_LUT4_I0_2_O_SB_LUT4_I1_O_SB_LUT4_I3_O_SB_LUT4_O_I1_SB_LUT4_I1_O_SB_LUT4_I3_LC.I3
Info:                          Defined in:
Info:                               /home/ttuser/Desktop/oss-cad-suite-linux-x64-20260508/oss-cad-suite/lib/../share/yosys/ice40/cells_map.v:6.21-6.22
Info:      logic  0.87  31.03 Source user_project.duck_btn_SB_LUT4_I0_2_O_SB_LUT4_I1_O_SB_LUT4_I3_O_SB_LUT4_O_I1_SB_LUT4_I1_O_SB_LUT4_I3_LC.O
Info:    routing  2.30  33.34 Net user_project.duck_btn_SB_LUT4_I0_2_O_SB_LUT4_I1_O_SB_LUT4_I3_O_SB_LUT4_O_I1_SB_LUT4_I1_O_SB_LUT4_I3_O[3] (5,7) -> (3,7)
Info:                          Sink uo_out_SB_LUT4_O_1_I2_SB_LUT4_I2_I3_SB_LUT4_O_LC.I3
Info:                          Defined in:
Info:                               /home/ttuser/Desktop/oss-cad-suite-linux-x64-20260508/oss-cad-suite/lib/../share/yosys/ice40/cells_map.v:6.21-6.22
Info:      logic  0.87  34.21 Source uo_out_SB_LUT4_O_1_I2_SB_LUT4_I2_I3_SB_LUT4_O_LC.O
Info:    routing  2.95  37.16 Net uo_out_SB_LUT4_O_1_I2_SB_LUT4_I2_I3[3] (3,7) -> (5,5)
Info:                          Sink uo_out_SB_LUT4_O_1_I2_SB_LUT4_I2_LC.I3
Info:                          Defined in:
Info:                               /home/ttuser/Desktop/oss-cad-suite-linux-x64-20260508/oss-cad-suite/lib/../share/yosys/ice40/cells_map.v:6.21-6.22
Info:      logic  0.87  38.04 Source uo_out_SB_LUT4_O_1_I2_SB_LUT4_I2_LC.O
Info:    routing  1.76  39.80 Net uo_out_SB_LUT4_O_4_I3_SB_LUT4_O_I3[2] (5,5) -> (5,5)
Info:                          Sink uo_out_SB_LUT4_O_4_I3_SB_LUT4_O_LC.I3
Info:                          Defined in:
Info:                               /home/ttuser/Desktop/oss-cad-suite-linux-x64-20260508/oss-cad-suite/lib/../share/yosys/ice40/cells_map.v:6.21-6.22
Info:      logic  0.87  40.67 Source uo_out_SB_LUT4_O_4_I3_SB_LUT4_O_LC.O
Info:    routing  1.76  42.43 Net uo_out_SB_LUT4_O_4_I3[2] (5,5) -> (4,5)
Info:                          Sink uo_out_SB_LUT4_O_4_LC.I3
Info:                          Defined in:
Info:                               /home/ttuser/Desktop/oss-cad-suite-linux-x64-20260508/oss-cad-suite/lib/../share/yosys/ice40/cells_map.v:6.21-6.22
Info:      logic  0.87  43.31 Source uo_out_SB_LUT4_O_4_LC.O
Info:    routing  6.84  50.15 Net uo_out[0]$SB_IO_OUT (4,5) -> (8,31)
Info:                          Sink uo_out[0]$sb_io.D_OUT_0
Info:                          Defined in:
Info:                               /home/ttuser/Desktop/tt-cyclonerunner/src/project.v:3.23-3.29
Info: 14.34 ns logic, 35.81 ns routing

Info: Max frequency for clock 'clk$SB_IO_IN_$glb_clk': 30.72 MHz (PASS at 12.00 MHz)

Info: Max delay <async>                       -> posedge clk$SB_IO_IN_$glb_clk: 9.52 ns
Info: Max delay posedge clk$SB_IO_IN_$glb_clk -> <async>                      : 50.15 ns

Info: Slack histogram:
Info:  legend: * represents 1 endpoint(s)
Info:          + represents [1,1) endpoint(s)
Info: [ 50785,  52214) |**+
Info: [ 52214,  53643) |*****+
Info: [ 53643,  55072) |**************+
Info: [ 55072,  56501) |**************+
Info: [ 56501,  57930) |*****+
Info: [ 57930,  59359) |+
Info: [ 59359,  60788) | 
Info: [ 60788,  62217) |**********+
Info: [ 62217,  63646) |********+
Info: [ 63646,  65075) |*****+
Info: [ 65075,  66504) |***+
Info: [ 66504,  67933) |*******+
Info: [ 67933,  69362) |************************+
Info: [ 69362,  70791) |*******************+
Info: [ 70791,  72220) |**+
Info: [ 72220,  73649) |********************************************+
Info: [ 73649,  75078) |*************+
Info: [ 75078,  76507) |********************+
Info: [ 76507,  77936) |******************************************************+
Info: [ 77936,  79365) |************************************************************ 

Info: Program finished normally.
